<?xml version="1.0" encoding="utf-8"?><testsuites name="pytest tests"><testsuite name="pytest" errors="0" failures="0" skipped="1" tests="15" time="7.249" timestamp="2026-04-30T19:27:00.980473+00:00" hostname="agent-env-a0a04300-737d-4a7f-82a3-2a2b77a2043a"><testcase classname="backend.tests.backend_test.TestAuth" name="test_login_admin" time="0.483" /><testcase classname="backend.tests.backend_test.TestAuth" name="test_login_invalid" time="0.339" /><testcase classname="backend.tests.backend_test.TestAuth" name="test_me_requires_auth" time="0.146" /><testcase classname="backend.tests.backend_test.TestAuth" name="test_me_with_token" time="0.464" /><testcase classname="backend.tests.backend_test.TestAuth" name="test_register_new_user" time="0.409" /><testcase classname="backend.tests.backend_test.TestAuth" name="test_protected_without_token" time="0.118" /><testcase classname="backend.tests.backend_test.TestProcedures" name="test_list_procedures" time="0.188" /><testcase classname="backend.tests.backend_test.TestProcedures" name="test_stats" time="0.198" /><testcase classname="backend.tests.backend_test.TestProcedures" name="test_create_procedure_and_verify" time="1.986" /><testcase classname="backend.tests.backend_test.TestClients" name="test_clients_crud" time="0.771" /><testcase classname="backend.tests.backend_test.TestTypes" name="test_types_crud" time="0.760" /><testcase classname="backend.tests.backend_test.TestDependencies" name="test_dependencies_crud" time="0.739" /><testcase classname="backend.tests.backend_test.TestNotifications" name="test_list_notifications" time="0.187" /><testcase classname="backend.tests.backend_test.TestNotifications" name="test_unread_count" time="0.184" /><testcase classname="backend.tests.backend_test.TestNotifications" name="test_mark_read_flow" time="0.184"><skipped type="pytest.skip" message="No notifications to mark read">/app/backend/tests/backend_test.py:217: No notifications to mark read</skipped></testcase></testsuite></testsuites>